Copyright 1986-2017 Xilinx, Inc. All Rights Reserved.
---------------------------------------------------------------------------------------------------
| Tool Version : Vivado v.2017.3 (lin64) Build 2018833 Wed Oct  4 19:58:07 MDT 2017
| Date         : Sat Jul 20 22:31:03 2019
| Host         : travis-job-e0a7f98e-0739-495e-8c2c-9afbd1633e5e running 64-bit Ubuntu 16.04.6 LTS
| Command      : report_utilization -hierarchical -file top_utilization_hierarchical_synth.rpt
| Design       : top
| Device       : 7a50tfgg484-1
| Design State : Synthesized
---------------------------------------------------------------------------------------------------

Utilization Design Information

Table of Contents
-----------------
1. Utilization by Hierarchy

1. Utilization by Hierarchy
---------------------------

+----------------------------+------------------+------------+------------+---------+------+------+--------+--------+--------------+
|          Instance          |      Module      | Total LUTs | Logic LUTs | LUTRAMs | SRLs |  FFs | RAMB36 | RAMB18 | DSP48 Blocks |
+----------------------------+------------------+------------+------------+---------+------+------+--------+--------+--------------+
| top                        |            (top) |       4739 |       4553 |     184 |    2 | 4015 |     27 |     35 |            4 |
|   (top)                    |            (top) |       2593 |       2407 |     184 |    2 | 2787 |     26 |     27 |            0 |
|   VexRiscv                 |         VexRiscv |       2146 |       2146 |       0 |    0 | 1228 |      1 |      8 |            4 |
|     (VexRiscv)             |         VexRiscv |       1068 |       1068 |       0 |    0 | 1004 |      0 |      2 |            4 |
|     IBusCachedPlugin_cache | InstructionCache |        570 |        570 |       0 |    0 |  103 |      1 |      1 |            0 |
|     dataCache_1_           |        DataCache |        508 |        508 |       0 |    0 |  121 |      0 |      5 |            0 |
+----------------------------+------------------+------------+------------+---------+------+------+--------+--------+--------------+


